syntax error========================================================================================================================================================================================
Generated Quads for the program
========================================================================================================================================================================================

0.   :	start -1
1.   :	t000 = 0
2.   :	i    = t000
3.   :	t001 = 5
4.   :	j    = t001
5.   :	t002 = 6
6.   :	n    = t002
7.   :	t003 = i < j
8.   :	if  i <j goto 12
9.   :	goto -1
10.  :	if  t003 goto 12
11.  :	iffalse  t003 goto -1
12.  :	t004 = i
13.  :	i    = i + 1
14.  :	t005 = n
15.  :	n    = n - 1
16.  :	goto 7
17.  :	t006 = n
18.  :	n    = n + 1
19.  :	t007 = j

========================================================================================================================================================================================
Symbol table Maintained For the Given Program
========================================================================================================================================================================================

++++++++++++++++++++++++++++++++++++++++++++++++++++++++++++++++++++++++++++++++++++++++++++++++++++++++++++++++++++++++++++++++++++++++++++++++++++++++++++++++++++++++++++++++++++++++
Symbol Table : Global

Name                	Type                	Nature              	Initial value       	size                	Offset              	Nested Table        	

main                	Function            	func                	null                	0                   	0                   	ptr-to-St( main )

++++++++++++++++++++++++++++++++++++++++++++++++++++++++++++++++++++++++++++++++++++++++++++++++++++++++++++++++++++++++++++++++++++++++++++++++++++++++++++++++++++++++++++++++++++++++

++++++++++++++++++++++++++++++++++++++++++++++++++++++++++++++++++++++++++++++++++++++++++++++++++++++++++++++++++++++++++++++++++++++++++++++++++++++++++++++++++++++++++++++++++++++++
Symbol Table : main

Name                	Type                	Nature              	Initial value       	size                	Offset              	Nested Table        	

retVal              	Int                 	return              	null                	4                   	0                   	null
t000                	Int                 	Temporary           	0                   	4                   	4                   	null
i                   	Int                 	local               	0                   	4                   	8                   	null
t001                	Int                 	Temporary           	5                   	4                   	12                  	null
j                   	Int                 	local               	5                   	4                   	16                  	null
t002                	Int                 	Temporary           	6                   	4                   	20                  	null
n                   	Int                 	local               	6                   	4                   	24                  	null
t003                	Bool                	Temporary           	null                	1                   	28                  	null
t004                	Int                 	Temporary           	null                	4                   	29                  	null
t005                	Int                 	Temporary           	null                	4                   	33                  	null
t006                	Int                 	Temporary           	null                	4                   	37                  	null
t007                	Int                 	Temporary           	null                	4                   	41                  	null

++++++++++++++++++++++++++++++++++++++++++++++++++++++++++++++++++++++++++++++++++++++++++++++++++++++++++++++++++++++++++++++++++++++++++++++++++++++++++++++++++++++++++++++++++++++++
