========================================================================================================================================================================================
Generated Quads for the program
========================================================================================================================================================================================

0.   :	start func
1.   :	t000 = c * d
2.   :	t001 =  Int2Double(t000)
3.   :	e    = t001
4.   :	retVal = e
5.   :	return retVal
6.   :	return 
7.   :	start main
8.   :	t002 = 5
9.   :	a    = t002
10.  :	t003 = 6
11.  :	b    = t003
12.  :	param a
13.  :	param b
14.  :	t004 = call func, 2
15.  :	c    = t004
16.  :	t005 = 5
17.  :	t006 =  Int2Double(t005)
18.  :	t007 = c > t006
19.  :	if  c >t006 goto 21
20.  :	goto 22
21.  :	goto 22
22.  :	if  t007 goto 25
23.  :	t008 = b
24.  :	goto 26
25.  :	t008 = a
26.  :	d    = t008
27.  :	t009 = d == a
28.  :	if  d ==a goto 32
29.  :	goto 35
30.  :	if  t009 goto 32
31.  :	iffalse  t009 goto 35
32.  :	t010 = d
33.  :	d    = d + 1
34.  :	a    = t010
35.  :	t011 = d < b
36.  :	if  d <b goto 40
37.  :	goto 42
38.  :	if  t011 goto 40
39.  :	iffalse  t011 goto 42
40.  :	d    = a
41.  :	goto 43
42.  :	d    = b
43.  :	return 

========================================================================================================================================================================================
Symbol table Maintained For the Given Program
========================================================================================================================================================================================

++++++++++++++++++++++++++++++++++++++++++++++++++++++++++++++++++++++++++++++++++++++++++++++++++++++++++++++++++++++++++++++++++++++++++++++++++++++++++++++++++++++++++++++++++++++++
Symbol Table : Global

Name                	Type                	Nature              	Initial value       	size                	Offset              	Nested Table        	

func                	Function            	func                	null                	0                   	0                   	ptr-to-St( func )
main                	Function            	func                	null                	0                   	0                   	ptr-to-St( main )

++++++++++++++++++++++++++++++++++++++++++++++++++++++++++++++++++++++++++++++++++++++++++++++++++++++++++++++++++++++++++++++++++++++++++++++++++++++++++++++++++++++++++++++++++++++++

++++++++++++++++++++++++++++++++++++++++++++++++++++++++++++++++++++++++++++++++++++++++++++++++++++++++++++++++++++++++++++++++++++++++++++++++++++++++++++++++++++++++++++++++++++++++
Symbol Table : func

Name                	Type                	Nature              	Initial value       	size                	Offset              	Nested Table        	

retVal              	Double              	return              	null                	8                   	0                   	null
c                   	Int                 	param               	null                	4                   	8                   	null
d                   	Int                 	param               	null                	4                   	12                  	null
t000                	Int                 	Temporary           	null                	4                   	16                  	null
t001                	Double              	Temporary           	null                	8                   	20                  	null
e                   	Double              	local               	0.000000            	8                   	28                  	null

++++++++++++++++++++++++++++++++++++++++++++++++++++++++++++++++++++++++++++++++++++++++++++++++++++++++++++++++++++++++++++++++++++++++++++++++++++++++++++++++++++++++++++++++++++++++

++++++++++++++++++++++++++++++++++++++++++++++++++++++++++++++++++++++++++++++++++++++++++++++++++++++++++++++++++++++++++++++++++++++++++++++++++++++++++++++++++++++++++++++++++++++++
Symbol Table : main

Name                	Type                	Nature              	Initial value       	size                	Offset              	Nested Table        	

retVal              	Void                	return              	null                	0                   	0                   	null
t002                	Int                 	Temporary           	5                   	4                   	0                   	null
a                   	Int                 	local               	5                   	4                   	4                   	null
t003                	Int                 	Temporary           	6                   	4                   	8                   	null
b                   	Int                 	local               	6                   	4                   	12                  	null
t004                	Double              	Temporary           	null                	8                   	16                  	null
c                   	Double              	local               	0.000000            	8                   	24                  	null
t005                	Int                 	Temporary           	5                   	4                   	32                  	null
t006                	Double              	Temporary           	null                	8                   	36                  	null
t007                	Bool                	Temporary           	null                	1                   	44                  	null
t008                	Int                 	Temporary           	null                	4                   	45                  	null
d                   	Int                 	local               	0                   	4                   	49                  	null
t009                	Bool                	Temporary           	null                	1                   	53                  	null
t010                	Int                 	Temporary           	null                	4                   	54                  	null
t011                	Bool                	Temporary           	null                	1                   	58                  	null

++++++++++++++++++++++++++++++++++++++++++++++++++++++++++++++++++++++++++++++++++++++++++++++++++++++++++++++++++++++++++++++++++++++++++++++++++++++++++++++++++++++++++++++++++++++++
