==============================================================================
Generated Quads for the program
  0. :t000	=	10
  1. :t001	=	x / t000
  2. :t002	=	0
  3. :if  t001 ==t002	goto 6
  4. :goto 8
  5. :goto 19
  6. :return	x
  7. :goto -1
  8. :t003	=	10
  9. :t004	=	x % t003
 10. :param	t004
 11. :t005	=	call singledigit, 1
 12. :t006	=	10
 13. :t007	=	x / t006
 14. :param	t007
 15. :t008	=	call singledigit, 1
 16. :t009	=	t005 + t008
 17. :return	t009
 18. :goto -1
 19. :param	_0
 20. :t010	=	call prints, 1
 21. :param	_1
 22. :t011	=	call prints, 1
 23. :t012	=	1
 24. :err	=	t012
 25. :t013	=	& err
 26. :param	t013
 27. :t014	=	call readi, 1
 28. :n	=	t014
 29. :t015	=	t014
 30. :t016	=	10
 31. :t017	=	n / t016
 32. :t018	=	0
 33. :if  t017 !=t018	goto 36
 34. :goto 41
 35. :goto 41
 36. :param	n
 37. :t019	=	call singledigit, 1
 38. :n	=	t019
 39. :t020	=	t019
 40. :goto 30
 41. :t021	=	1
 42. :if  n ==t021	goto 45
 43. :goto 48
 44. :goto 51
 45. :param	_2
 46. :t022	=	call prints, 1
 47. :goto 51
 48. :param	_3
 49. :t023	=	call prints, 1
 50. :goto 51
 51. :t024	=	0
 52. :return	t024
==============================================================================
Symbol table Maintained For the Given Program

+++++++++++++++++++++++++++++++++++++++++++++++++++++++++++++++++++++++++++++++++++++
Symbol Table : Global
Offset = 0
Start Quad Index = 0
End Quad Index =  0
Name	Value	var_type	size	Offset	Type
printi	null	func		0	-1	ptr-to-St( Global )Int
readi	null	func		0	-1	ptr-to-St( Global )Int
prints	null	func		0	-1	ptr-to-St( Global )Int
singledigit	null	func		0	-1	ptr-to-St( singledigit )Int
main	null	func		0	-1	ptr-to-St( main )Int

+++++++++++++++++++++++++++++++++++++++++++++++++++++++++++++++++++++++++++++++++++++
=============================================================================

+++++++++++++++++++++++++++++++++++++++++++++++++++++++++++++++++++++++++++++++++++++
Symbol Table : singledigit
Offset = -44
Start Quad Index = 0
End Quad Index =  18
Name	Value	var_type	size	Offset	Type
retVal	null	return		4	0	Int
x	null	param		4	-4	Int
t000	10	temp		4	-8	Int
t001	null	temp		4	-12	Int
t002	0	temp		4	-16	Int
t003	10	temp		4	-20	Int
t004	null	temp		4	-24	Int
t005	null	temp		4	-28	Int
t006	10	temp		4	-32	Int
t007	null	temp		4	-36	Int
t008	null	temp		4	-40	Int
t009	null	temp		4	-44	Int

+++++++++++++++++++++++++++++++++++++++++++++++++++++++++++++++++++++++++++++++++++++

+++++++++++++++++++++++++++++++++++++++++++++++++++++++++++++++++++++++++++++++++++++
Symbol Table : main
Offset = -72
Start Quad Index = 19
End Quad Index =  52
Name	Value	var_type	size	Offset	Type
retVal	null	return		4	0	Int
n	null	local		4	-4	Int
t010	null	temp		4	-8	Int
t011	null	temp		4	-12	Int
err	1	local		4	-16	Int
t012	1	temp		4	-20	Int
t013	null	temp		8	-28	ptr(Int)
t014	null	temp		4	-32	Int
t015	null	temp		4	-36	Int
t016	10	temp		4	-40	Int
t017	null	temp		4	-44	Int
t018	0	temp		4	-48	Int
t019	null	temp		4	-52	Int
t020	null	temp		4	-56	Int
t021	1	temp		4	-60	Int
t022	null	temp		4	-64	Int
t023	null	temp		4	-68	Int
t024	0	temp		4	-72	Int

+++++++++++++++++++++++++++++++++++++++++++++++++++++++++++++++++++++++++++++++++++++
