========================================================================================================================================================================================
Generated Quads for the program
========================================================================================================================================================================================

0.   :	start add
1.   :	t000 = a + b
2.   :	retVal = t000
3.   :	return retVal
4.   :	start main
5.   :	t001 = 9
6.   :	a    = t001
7.   :	t002 = 18
8.   :	b    = t002
9.   :	param a
10.  :	param b
11.  :	t003 = call add, 2
12.  :	c    = t003
13.  :	t004 = 20
14.  :	t005 = c < t004
15.  :	if c < t004 goto 19
16.  :	goto 22
17.  :	if t005 goto 19
18.  :	iffalse t005 goto 22
19.  :	t006 = 2
20.  :	t007 = c * t006
21.  :	c    = t007
22.  :	t008 = 20
23.  :	t009 = c >= t008
24.  :	if c >= t008 goto 28
25.  :	goto 31
26.  :	if t009 goto 28
27.  :	iffalse t009 goto 31
28.  :	t010 = 2
29.  :	t011 = c + t010
30.  :	c    = t011
31.  :	t012 = 0
32.  :	retVal = t012
33.  :	return retVal

========================================================================================================================================================================================
Symbol table Maintained For the Given Program
========================================================================================================================================================================================

++++++++++++++++++++++++++++++++++++++++++++++++++++++++++++++++++++++++++++++++++++++++++++++++++++++++++++++++++++++++++++++++++++++++++++++++++++++++++++++++++++++++++++++++++++++++
Symbol Table : Global

Name                	Type                	Nature              	Initial value       	size                	Offset              	Nested Table        	

add                 	Function            	func                	null                	0                   	0                   	ptr-to-St( add )
main                	Function            	func                	null                	0                   	0                   	ptr-to-St( main )

++++++++++++++++++++++++++++++++++++++++++++++++++++++++++++++++++++++++++++++++++++++++++++++++++++++++++++++++++++++++++++++++++++++++++++++++++++++++++++++++++++++++++++++++++++++++

++++++++++++++++++++++++++++++++++++++++++++++++++++++++++++++++++++++++++++++++++++++++++++++++++++++++++++++++++++++++++++++++++++++++++++++++++++++++++++++++++++++++++++++++++++++++
Symbol Table : add

Name                	Type                	Nature              	Initial value       	size                	Offset              	Nested Table        	

retVal              	Int                 	return              	null                	4                   	0                   	null
a                   	Int                 	param               	null                	4                   	4                   	null
b                   	Int                 	param               	null                	4                   	8                   	null
t000                	Int                 	Temporary           	null                	4                   	12                  	null

++++++++++++++++++++++++++++++++++++++++++++++++++++++++++++++++++++++++++++++++++++++++++++++++++++++++++++++++++++++++++++++++++++++++++++++++++++++++++++++++++++++++++++++++++++++++

++++++++++++++++++++++++++++++++++++++++++++++++++++++++++++++++++++++++++++++++++++++++++++++++++++++++++++++++++++++++++++++++++++++++++++++++++++++++++++++++++++++++++++++++++++++++
Symbol Table : main

Name                	Type                	Nature              	Initial value       	size                	Offset              	Nested Table        	

retVal              	Int                 	return              	null                	4                   	0                   	null
t001                	Int                 	Temporary           	9                   	4                   	4                   	null
a                   	Int                 	local               	9                   	4                   	8                   	null
t002                	Int                 	Temporary           	18                  	4                   	12                  	null
b                   	Int                 	local               	18                  	4                   	16                  	null
t003                	Int                 	Temporary           	null                	4                   	20                  	null
c                   	Int                 	local               	0                   	4                   	24                  	null
t004                	Int                 	Temporary           	20                  	4                   	28                  	null
t005                	Bool                	Temporary           	null                	1                   	32                  	null
t006                	Int                 	Temporary           	2                   	4                   	33                  	null
t007                	Int                 	Temporary           	null                	4                   	37                  	null
t008                	Int                 	Temporary           	20                  	4                   	41                  	null
t009                	Bool                	Temporary           	null                	1                   	45                  	null
t010                	Int                 	Temporary           	2                   	4                   	46                  	null
t011                	Int                 	Temporary           	null                	4                   	50                  	null
t012                	Int                 	Temporary           	0                   	4                   	54                  	null

++++++++++++++++++++++++++++++++++++++++++++++++++++++++++++++++++++++++++++++++++++++++++++++++++++++++++++++++++++++++++++++++++++++++++++++++++++++++++++++++++++++++++++++++++++++++
