========================================================================================================================================================================================
Generated Quads for the program
========================================================================================================================================================================================

0.   :	start main
1.   :	t000 = 9
2.   :	a    = t000
3.   :	t001 = 18
4.   :	b    = t001
5.   :	t002 = 7.270000
6.   :	c    = t002
7.   :	d    = c
8.   :	t003 =  Int2Char(a)
9.   :	e    = t003
10.  :	t004 = 'p'
11.  :	f    = t004
12.  :	t005 = 3
13.  :	t006 = 3
14.  :	t007 = 3.600000
15.  :	t008 = 3.140000
16.  :	t009 = 12.100000
17.  :	t010 = 6.022000
18.  :	t011 = 2.730000
19.  :	t012 = 22.400000
20.  :	t013 = 1.414000
21.  :	t014 = 9.870000
22.  :	t015 = 1.602000
23.  :	A[0] = 3
24.  :	A[4] = 3
25.  :	A[8] = 3.600000
26.  :	A[16] = 3.140000
27.  :	A[24] = 12.100000
28.  :	A[32] = 6.022000
29.  :	A[40] = 2.730000
30.  :	A[48] = 22.400000
31.  :	A[56] = 1.414000
32.  :	A[64] = 9.870000
33.  :	A[72] = 1.602000
34.  :	t016 = -a
35.  :	a    = t016
36.  :	a    = a - a
37.  :	a    = a + a
38.  :	a    = a * a
39.  :	a    = a / a
40.  :	a    = a % a
41.  :	t017 = a > b
42.  :	if a > b goto 46
43.  :	goto 49
44.  :	if t017 goto 46
45.  :	iffalse t017 goto 49
46.  :	t018 = b
47.  :	b    = b - 1
48.  :	goto 51
49.  :	t019 = b
50.  :	b    = b + 1
51.  :	a    = a >> b
52.  :	a    = a | b
53.  :	return 

========================================================================================================================================================================================
Symbol table Maintained For the Given Program
========================================================================================================================================================================================

++++++++++++++++++++++++++++++++++++++++++++++++++++++++++++++++++++++++++++++++++++++++++++++++++++++++++++++++++++++++++++++++++++++++++++++++++++++++++++++++++++++++++++++++++++++++
Symbol Table : Global

Name                	Type                	Nature              	Initial value       	size                	Offset              	Nested Table        	

main                	Function            	func                	null                	0                   	0                   	ptr-to-St( main )

++++++++++++++++++++++++++++++++++++++++++++++++++++++++++++++++++++++++++++++++++++++++++++++++++++++++++++++++++++++++++++++++++++++++++++++++++++++++++++++++++++++++++++++++++++++++

++++++++++++++++++++++++++++++++++++++++++++++++++++++++++++++++++++++++++++++++++++++++++++++++++++++++++++++++++++++++++++++++++++++++++++++++++++++++++++++++++++++++++++++++++++++++
Symbol Table : main

Name                	Type                	Nature              	Initial value       	size                	Offset              	Nested Table        	

retVal              	Void                	return              	null                	0                   	0                   	null
t000                	Int                 	Temporary           	9                   	4                   	0                   	null
a                   	Int                 	local               	9                   	4                   	4                   	null
t001                	Int                 	Temporary           	18                  	4                   	8                   	null
b                   	Int                 	local               	18                  	4                   	12                  	null
t002                	Double              	Temporary           	7.270000            	8                   	16                  	null
c                   	Double              	local               	7.270000            	8                   	24                  	null
d                   	Double              	local               	7.270000            	8                   	32                  	null
t003                	Char                	Temporary           	null                	1                   	40                  	null
e                   	Char                	local               	'                   	1                   	41                  	null
t004                	Char                	Temporary           	'p'                 	1                   	42                  	null
f                   	Char                	local               	'p'                 	1                   	43                  	null
t005                	Int                 	Temporary           	3                   	4                   	44                  	null
t006                	Int                 	Temporary           	3                   	4                   	48                  	null
t007                	Double              	Temporary           	3.600000            	8                   	52                  	null
t008                	Double              	Temporary           	3.140000            	8                   	60                  	null
t009                	Double              	Temporary           	12.100000           	8                   	68                  	null
t010                	Double              	Temporary           	6.022000            	8                   	76                  	null
t011                	Double              	Temporary           	2.730000            	8                   	84                  	null
t012                	Double              	Temporary           	22.400000           	8                   	92                  	null
t013                	Double              	Temporary           	1.414000            	8                   	100                 	null
t014                	Double              	Temporary           	9.870000            	8                   	108                 	null
t015                	Double              	Temporary           	1.602000            	8                   	116                 	null
A                   	Matrix(3,3,Double)  	local               	{ 3.600000, 3.140000, 12.100000; 6.022000, 2.730000, 22.400000; 1.414000, 9.870000, 1.602000}72+8                	124                 	null
t016                	Int                 	Temporary           	null                	4                   	204                 	null
t017                	Bool                	Temporary           	null                	1                   	208                 	null
t018                	Int                 	Temporary           	null                	4                   	209                 	null
t019                	Int                 	Temporary           	null                	4                   	213                 	null

++++++++++++++++++++++++++++++++++++++++++++++++++++++++++++++++++++++++++++++++++++++++++++++++++++++++++++++++++++++++++++++++++++++++++++++++++++++++++++++++++++++++++++++++++++++++
